<?xml version="1.0" encoding="utf-8"?>
<shfbBuild product="Sandcastle Help File Builder and Tools" version="2021.4.9.0" projectFile="E:\S2AM\Proyecto 1\SecureCode\P1SecureCode\Documentacion_ComponenteAccesoDatos\Documentacion_ComponenteAccesoDatos.shfbproj" started="12/01/2023 17:27:02">
<buildStep step="Initializing">
Finding tools...
The Sandcastle tools are located in &#39;C:\Program Files (x86)\EWSoftware\Sandcastle Help File Builder\&#39;
Searching for HTML Help 1 compiler...
Found HTML Help 1 compiler in &#39;C:\Program Files (x86)\HTML Help Workshop\&#39;
Locating components in the following folder(s):
    E:\S2AM\Proyecto 1\SecureCode\P1SecureCode\Documentacion_ComponenteAccesoDatos
    C:\ProgramData\EWSoftware\Sandcastle Help File Builder\Components and Plug-Ins\
    C:\Program Files (x86)\EWSoftware\Sandcastle Help File Builder\
Using framework reflection data for &#39;.NET Framework 4.7.2&#39; located in &#39;C:\Program Files (x86)\EWSoftware\Sandcastle Help File Builder\Data\.NETFramework&#39;
Using presentation style &#39;VS2013&#39; located in &#39;C:\Program Files (x86)\EWSoftware\Sandcastle Help File Builder\PresentationStyles\VS2013&#39;
Loading and initializing plug-ins...
Lightweight Website Style Version 2021.4.9.0
Copyright &#169; 2006-2021, Eric Woodruff, All Rights Reserved
Portions Copyright &#169; 2014, Sam Harwell, All Rights Reserved
</buildStep>
<buildStep step="ValidatingDocumentationSources">
Validating and copying documentation source information
Source: E:\S2AM\Proyecto 1\SecureCode\P1SecureCode\Compilacion\ComponenteAccesoDatos.dll
    Found assembly &#39;E:\S2AM\Proyecto 1\SecureCode\P1SecureCode\Compilacion\ComponenteAccesoDatos.dll&#39;
Source: E:\S2AM\Proyecto 1\SecureCode\P1SecureCode\Compilacion\ComponenteAccesoDatos.xml

Copying XML comments files
    E:\S2AM\Proyecto 1\SecureCode\P1SecureCode\Compilacion\ComponenteAccesoDatos.xml -&gt; E:\S2AM\Proyecto 1\SecureCode\P1SecureCode\Documentacion_ComponenteAccesoDatos\Help\Working\ComponenteAccesoDatos.xml
</buildStep>
<buildStep step="GenerateSharedContent">
Generating shared content files (en-US, Ingl&#233;s (Estados Unidos))...
<plugIn name="Lightweight Website Style" behavior="After" priority="1000">
</plugIn>    Last step completed in 00:00:00,0509
</buildStep>
<buildStep step="GenerateApiFilter">
Generating API filter for MRefBuilder...
    Last step completed in 00:00:00,0020
</buildStep>
<buildStep step="GenerateReflectionInfo">
Generating reflection information...
[C:\Program Files (x86)\Microsoft Visual Studio\2019\Community\MSBuild\Current\Bin\MSBuild.exe - GenerateRefInfo-b1c7064b-2d7c-4aac-b7a6-4b8cbe82986e.proj]
Compilaci&#162;n iniciada a las 12/01/2023 17:27:04.
Proyecto &quot;E:\S2AM\Proyecto 1\SecureCode\P1SecureCode\Documentacion_ComponenteAccesoDatos\Help\Working\GenerateRefInfo-b1c7064b-2d7c-4aac-b7a6-4b8cbe82986e.proj&quot; en nodo 1 (destinos predeterminados).
PrepareForBuild:
  Creando directorio &quot;obj\Debug\&quot;.
GenerateBindingRedirects:
  No hay redirecciones de enlace sugeridas procedentes de ResolveAssemblyReferences.
GenerateRefInfo:
  MRefBuilder (v2021.4.9.0)
  Copyright &#184; 2006-2021, Microsoft Corporation, All Rights Reserved.
  Portions Copyright &#184; 2006-2021, Eric Woodruff, All Rights Reserved.
  No source code context base path specified.  Source context information is unavailable.
  Loaded 1 assemblies for reflection and 1 dependency assemblies.
  Wrote information on 1 namespaces, 1 types, and 8 members
  Merging duplicate type and member information
  Merged 0 duplicate type(s) and 0 duplicate member(s)
Compilaci&#162;n del proyecto terminada &quot;E:\S2AM\Proyecto 1\SecureCode\P1SecureCode\Documentacion_ComponenteAccesoDatos\Help\Working\GenerateRefInfo-b1c7064b-2d7c-4aac-b7a6-4b8cbe82986e.proj&quot; (destinos predeterminados).
    Last step completed in 00:00:00,9927
</buildStep>
<buildStep step="TransformReflectionInfo">
Transforming reflection output...
[C:\Program Files (x86)\Microsoft Visual Studio\2019\Community\MSBuild\Current\Bin\MSBuild.exe - TransformManifest.proj]
Compilaci&#162;n iniciada a las 12/01/2023 17:27:05.
Proyecto &quot;E:\S2AM\Proyecto 1\SecureCode\P1SecureCode\Documentacion_ComponenteAccesoDatos\Help\Working\TransformManifest.proj&quot; en nodo 1 (destinos predeterminados).
TransformManifest:
  XslTransform (v2021.4.9.0)
  Copyright &#184; 2006-2021, Microsoft Corporation, All Rights Reserved.
  Portions Copyright &#184; 2006-2021, Eric Woodruff, All Rights Reserved.
  Applying XSL transformation &#39;C:\Program Files (x86)\EWSoftware\Sandcastle Help File Builder\\ProductionTransforms\ApplyVSDocModel.xsl&#39;.
  Copiando el archivo de &quot;E:\S2AM\Proyecto 1\SecureCode\P1SecureCode\Documentacion_ComponenteAccesoDatos\Help\Working\reflection.xml&quot; en &quot;E:\S2AM\Proyecto 1\SecureCode\P1SecureCode\Documentacion_ComponenteAccesoDatos\Help\Working\reflection.nofilenames&quot;.
  XslTransform (v2021.4.9.0)
  Copyright &#184; 2006-2021, Microsoft Corporation, All Rights Reserved.
  Portions Copyright &#184; 2006-2021, Eric Woodruff, All Rights Reserved.
  Applying XSL transformation &#39;C:\Program Files (x86)\EWSoftware\Sandcastle Help File Builder\ProductionTransforms\AddFilenames.xsl&#39;.
  XslTransform (v2021.4.9.0)
  Copyright &#184; 2006-2021, Microsoft Corporation, All Rights Reserved.
  Portions Copyright &#184; 2006-2021, Eric Woodruff, All Rights Reserved.
  Applying XSL transformation &#39;C:\Program Files (x86)\EWSoftware\Sandcastle Help File Builder\ProductionTransforms\ReflectionToManifest.xsl&#39;.
Compilaci&#162;n del proyecto terminada &quot;E:\S2AM\Proyecto 1\SecureCode\P1SecureCode\Documentacion_ComponenteAccesoDatos\Help\Working\TransformManifest.proj&quot; (destinos predeterminados).
    Last step completed in 00:00:00,6776
</buildStep>
<buildStep step="GenerateNamespaceSummaries">
Generating namespace summary information...
    Last step completed in 00:00:00,0565
</buildStep>
<buildStep step="CopyConceptualContent">
Copying conceptual content...
Copying standard token shared content file...
Checking for other token files...
Checking for code snippets files...
Copying images and creating the media map file...
Generating conceptual topic files
    Parsing topic file &#39;E:\S2AM\Proyecto 1\SecureCode\P1SecureCode\Documentacion_ComponenteAccesoDatos\Content\Welcome.aml&#39;
    E:\S2AM\Proyecto 1\SecureCode\P1SecureCode\Documentacion_ComponenteAccesoDatos\Content\Welcome.aml -&gt; E:\S2AM\Proyecto 1\SecureCode\P1SecureCode\Documentacion_ComponenteAccesoDatos\Help\Working\ddueXml\bb070b79-e8eb-4b98-9d1f-f061d8fa6fcb.xml
    Parsing topic file &#39;E:\S2AM\Proyecto 1\SecureCode\P1SecureCode\Documentacion_ComponenteAccesoDatos\Content\VersionHistory\VersionHistory.aml&#39;
    E:\S2AM\Proyecto 1\SecureCode\P1SecureCode\Documentacion_ComponenteAccesoDatos\Content\VersionHistory\VersionHistory.aml -&gt; E:\S2AM\Proyecto 1\SecureCode\P1SecureCode\Documentacion_ComponenteAccesoDatos\Help\Working\ddueXml\45a635b2-b1e2-4460-9056-829a2d32a296.xml
    Parsing topic file &#39;E:\S2AM\Proyecto 1\SecureCode\P1SecureCode\Documentacion_ComponenteAccesoDatos\Content\VersionHistory\v1.0.0.0.aml&#39;
    E:\S2AM\Proyecto 1\SecureCode\P1SecureCode\Documentacion_ComponenteAccesoDatos\Content\VersionHistory\v1.0.0.0.aml -&gt; E:\S2AM\Proyecto 1\SecureCode\P1SecureCode\Documentacion_ComponenteAccesoDatos\Help\Working\ddueXml\28794b6c-9449-4a0b-babc-2b27c4b3c656.xml
    Last step completed in 00:00:00,1780
</buildStep>
<buildStep step="CreateConceptualTopicConfigs">
Creating conceptual topic configuration files...
    Companion files
    _ContentMetadata_.xml
    Merging topic IDs into manifest.xml
    Last step completed in 00:00:00,1393
</buildStep>
<buildStep step="CopyAdditionalContent">
Copying additional content files...
E:\S2AM\Proyecto 1\SecureCode\P1SecureCode\Documentacion_ComponenteAccesoDatos\icons\Help.png -&gt; E:\S2AM\Proyecto 1\SecureCode\P1SecureCode\Documentacion_ComponenteAccesoDatos\Help\Working\Output\HtmlHelp1\icons\Help.png
    Last step completed in 00:00:00,0349
</buildStep>
<buildStep step="MergeTablesOfContents">
Merging conceptual and additional tables of contents...
    Last step completed in 00:00:00,0020
</buildStep>
<buildStep step="GenerateIntermediateTableOfContents">
Generating intermediate table of contents file...
[C:\Program Files (x86)\Microsoft Visual Studio\2019\Community\MSBuild\Current\Bin\MSBuild.exe - GenerateIntermediateTOC.proj]
Compilaci&#162;n iniciada a las 12/01/2023 17:27:06.
Proyecto &quot;E:\S2AM\Proyecto 1\SecureCode\P1SecureCode\Documentacion_ComponenteAccesoDatos\Help\Working\GenerateIntermediateTOC.proj&quot; en nodo 1 (destinos predeterminados).
GenerateIntermediateTOC:
  XslTransform (v2021.4.9.0)
  Copyright &#184; 2006-2021, Microsoft Corporation, All Rights Reserved.
  Portions Copyright &#184; 2006-2021, Eric Woodruff, All Rights Reserved.
  Applying XSL transformation &#39;C:\Program Files (x86)\EWSoftware\Sandcastle Help File Builder\\ProductionTransforms\CreateVSToc.xsl&#39;.
Compilaci&#162;n del proyecto terminada &quot;E:\S2AM\Proyecto 1\SecureCode\P1SecureCode\Documentacion_ComponenteAccesoDatos\Help\Working\GenerateIntermediateTOC.proj&quot; (destinos predeterminados).
Generating conceptual content intermediate TOC file...
    Last step completed in 00:00:00,3978
</buildStep>
<buildStep step="CreateBuildAssemblerConfigs">
Creating Sandcastle configuration files...
    sandcastle.config
    Last step completed in 00:00:01,0666
</buildStep>
<buildStep step="MergeCustomConfigs">
Merging custom build component configurations
E:\S2AM\Proyecto 1\SecureCode\P1SecureCode\Documentacion_ComponenteAccesoDatos\Help\Working\sandcastle.config
  Updating reference topic configurations.
  Updating conceptual topic configurations.
    Removing unused ExampleComponent.
    Last step completed in 00:00:00,0283
</buildStep>
<buildStep step="BuildTopics">
Building help topics...
[C:\Program Files (x86)\Microsoft Visual Studio\2019\Community\MSBuild\Current\Bin\MSBuild.exe - BuildTopics.proj]
Compilaci&#162;n iniciada a las 12/01/2023 17:27:07.
Proyecto &quot;E:\S2AM\Proyecto 1\SecureCode\P1SecureCode\Documentacion_ComponenteAccesoDatos\Help\Working\BuildTopics.proj&quot; en nodo 1 (destinos predeterminados).
BuildTopics:
  BuildAssembler (v2021.4.9.0)
  Copyright &#184; 2006-2021, Microsoft Corporation, All Rights Reserved.
  Portions Copyright &#184; 2006-2021, Eric Woodruff, All Rights Reserved.
  Loading configuration...
  Processing topics...
BuildAssembler : warning : ShowMissingComponent: [N:ComponenteAccesoDatos] Missing &lt;summary&gt; documentation [E:\S2AM\Proyecto 1\SecureCode\P1SecureCode\Documentacion_ComponenteAccesoDatos\Help\Working\BuildTopics.proj]
BuildAssembler : warning : ShowMissingComponent: [M:ComponenteAccesoDatos.claseAccesoDatos.Actualitzar(System.Data.DataSet,System.String)] Missing &lt;returns&gt; documentation [E:\S2AM\Proyecto 1\SecureCode\P1SecureCode\Documentacion_ComponenteAccesoDatos\Help\Working\BuildTopics.proj]
  Processed 17 topic(s)
  2 warning(s)
  CopyFromIndexComponent: &quot;metadata&quot; in-memory cache entries used: 1 of 15.
  ResolveArtLinksComponent: Copying media files...
  CopyFromIndexComponent: &quot;reflection&quot; in-memory cache entries used: 4 of 15.
  CopyFromIndexComponent: &quot;comments&quot; in-memory cache entries used: 2 of 30.
  SaveComponent: Waiting for the document writer task to finish (3 Help1 API file(s) remaining)...
Compilaci&#162;n del proyecto terminada &quot;E:\S2AM\Proyecto 1\SecureCode\P1SecureCode\Documentacion_ComponenteAccesoDatos\Help\Working\BuildTopics.proj&quot; (destinos predeterminados).
    Last step completed in 00:00:06,8669
</buildStep>
<buildStep step="CombiningIntermediateTocFiles">
Combining conceptual and API intermediate TOC files...
    Last step completed in 00:00:00,0110
</buildStep>
<buildStep step="ExtractingHtmlInfo">
Extracting HTML info for HTML Help 1 and/or website...
[C:\Program Files (x86)\Microsoft Visual Studio\2019\Community\MSBuild\Current\Bin\MSBuild.exe - ExtractHtmlInfo.proj]
Sandcastle Help File Builder and Tools, version 2021.4.9.0
Copyright &#184; 2006-2021, Eric Woodruff, All Rights Reserved
E-Mail: Eric@EWoodruff.us

Using LCID &#39;1033&#39;, code page &#39;65001&#39;, encoding charset &#39;UTF-8&#39;.

Processing Help 1 files in E:\S2AM\Proyecto 1\SecureCode\P1SecureCode\Documentacion_ComponenteAccesoDatos\Help\Working\Output\HtmlHelp1
Processed 17 HTML files
Sorting keywords and generating See Also indices
Saving HTML Help 1 keyword index to E:\S2AM\Proyecto 1\SecureCode\P1SecureCode\Documentacion_ComponenteAccesoDatos\Help\Working\Documentacion_ComponenteAccesoDatos.hhk
Saving HTML Help 1 table of contents to E:\S2AM\Proyecto 1\SecureCode\P1SecureCode\Documentacion_ComponenteAccesoDatos\Help\Working\Documentacion_ComponenteAccesoDatos.hhc
    Last step completed in 00:00:00,5431
</buildStep>
<buildStep step="CopyStandardHelpContent">
Copying standard help content...
C:\Program Files (x86)\EWSoftware\Sandcastle Help File Builder\PresentationStyles\VS2013\icons\AlertCaution.png -&gt; E:\S2AM\Proyecto 1\SecureCode\P1SecureCode\Documentacion_ComponenteAccesoDatos\Help\Working\Output\HtmlHelp1\icons\AlertCaution.png
C:\Program Files (x86)\EWSoftware\Sandcastle Help File Builder\PresentationStyles\VS2013\icons\AlertNote.png -&gt; E:\S2AM\Proyecto 1\SecureCode\P1SecureCode\Documentacion_ComponenteAccesoDatos\Help\Working\Output\HtmlHelp1\icons\AlertNote.png
C:\Program Files (x86)\EWSoftware\Sandcastle Help File Builder\PresentationStyles\VS2013\icons\AlertSecurity.png -&gt; E:\S2AM\Proyecto 1\SecureCode\P1SecureCode\Documentacion_ComponenteAccesoDatos\Help\Working\Output\HtmlHelp1\icons\AlertSecurity.png
C:\Program Files (x86)\EWSoftware\Sandcastle Help File Builder\PresentationStyles\VS2013\icons\CFW.gif -&gt; E:\S2AM\Proyecto 1\SecureCode\P1SecureCode\Documentacion_ComponenteAccesoDatos\Help\Working\Output\HtmlHelp1\icons\CFW.gif
C:\Program Files (x86)\EWSoftware\Sandcastle Help File Builder\PresentationStyles\VS2013\icons\CodeExample.png -&gt; E:\S2AM\Proyecto 1\SecureCode\P1SecureCode\Documentacion_ComponenteAccesoDatos\Help\Working\Output\HtmlHelp1\icons\CodeExample.png
C:\Program Files (x86)\EWSoftware\Sandcastle Help File Builder\PresentationStyles\VS2013\icons\favicon.ico -&gt; E:\S2AM\Proyecto 1\SecureCode\P1SecureCode\Documentacion_ComponenteAccesoDatos\Help\Working\Output\HtmlHelp1\icons\favicon.ico
C:\Program Files (x86)\EWSoftware\Sandcastle Help File Builder\PresentationStyles\VS2013\icons\privclass.gif -&gt; E:\S2AM\Proyecto 1\SecureCode\P1SecureCode\Documentacion_ComponenteAccesoDatos\Help\Working\Output\HtmlHelp1\icons\privclass.gif
C:\Program Files (x86)\EWSoftware\Sandcastle Help File Builder\PresentationStyles\VS2013\icons\privdelegate.gif -&gt; E:\S2AM\Proyecto 1\SecureCode\P1SecureCode\Documentacion_ComponenteAccesoDatos\Help\Working\Output\HtmlHelp1\icons\privdelegate.gif
C:\Program Files (x86)\EWSoftware\Sandcastle Help File Builder\PresentationStyles\VS2013\icons\privenumeration.gif -&gt; E:\S2AM\Proyecto 1\SecureCode\P1SecureCode\Documentacion_ComponenteAccesoDatos\Help\Working\Output\HtmlHelp1\icons\privenumeration.gif
C:\Program Files (x86)\EWSoftware\Sandcastle Help File Builder\PresentationStyles\VS2013\icons\privevent.gif -&gt; E:\S2AM\Proyecto 1\SecureCode\P1SecureCode\Documentacion_ComponenteAccesoDatos\Help\Working\Output\HtmlHelp1\icons\privevent.gif
C:\Program Files (x86)\EWSoftware\Sandcastle Help File Builder\PresentationStyles\VS2013\icons\privextension.gif -&gt; E:\S2AM\Proyecto 1\SecureCode\P1SecureCode\Documentacion_ComponenteAccesoDatos\Help\Working\Output\HtmlHelp1\icons\privextension.gif
C:\Program Files (x86)\EWSoftware\Sandcastle Help File Builder\PresentationStyles\VS2013\icons\privfield.gif -&gt; E:\S2AM\Proyecto 1\SecureCode\P1SecureCode\Documentacion_ComponenteAccesoDatos\Help\Working\Output\HtmlHelp1\icons\privfield.gif
C:\Program Files (x86)\EWSoftware\Sandcastle Help File Builder\PresentationStyles\VS2013\icons\privinterface.gif -&gt; E:\S2AM\Proyecto 1\SecureCode\P1SecureCode\Documentacion_ComponenteAccesoDatos\Help\Working\Output\HtmlHelp1\icons\privinterface.gif
C:\Program Files (x86)\EWSoftware\Sandcastle Help File Builder\PresentationStyles\VS2013\icons\privmethod.gif -&gt; E:\S2AM\Proyecto 1\SecureCode\P1SecureCode\Documentacion_ComponenteAccesoDatos\Help\Working\Output\HtmlHelp1\icons\privmethod.gif
C:\Program Files (x86)\EWSoftware\Sandcastle Help File Builder\PresentationStyles\VS2013\icons\privproperty.gif -&gt; E:\S2AM\Proyecto 1\SecureCode\P1SecureCode\Documentacion_ComponenteAccesoDatos\Help\Working\Output\HtmlHelp1\icons\privproperty.gif
C:\Program Files (x86)\EWSoftware\Sandcastle Help File Builder\PresentationStyles\VS2013\icons\privstructure.gif -&gt; E:\S2AM\Proyecto 1\SecureCode\P1SecureCode\Documentacion_ComponenteAccesoDatos\Help\Working\Output\HtmlHelp1\icons\privstructure.gif
C:\Program Files (x86)\EWSoftware\Sandcastle Help File Builder\PresentationStyles\VS2013\icons\protclass.gif -&gt; E:\S2AM\Proyecto 1\SecureCode\P1SecureCode\Documentacion_ComponenteAccesoDatos\Help\Working\Output\HtmlHelp1\icons\protclass.gif
C:\Program Files (x86)\EWSoftware\Sandcastle Help File Builder\PresentationStyles\VS2013\icons\protdelegate.gif -&gt; E:\S2AM\Proyecto 1\SecureCode\P1SecureCode\Documentacion_ComponenteAccesoDatos\Help\Working\Output\HtmlHelp1\icons\protdelegate.gif
C:\Program Files (x86)\EWSoftware\Sandcastle Help File Builder\PresentationStyles\VS2013\icons\protenumeration.gif -&gt; E:\S2AM\Proyecto 1\SecureCode\P1SecureCode\Documentacion_ComponenteAccesoDatos\Help\Working\Output\HtmlHelp1\icons\protenumeration.gif
C:\Program Files (x86)\EWSoftware\Sandcastle Help File Builder\PresentationStyles\VS2013\icons\protevent.gif -&gt; E:\S2AM\Proyecto 1\SecureCode\P1SecureCode\Documentacion_ComponenteAccesoDatos\Help\Working\Output\HtmlHelp1\icons\protevent.gif
C:\Program Files (x86)\EWSoftware\Sandcastle Help File Builder\PresentationStyles\VS2013\icons\protextension.gif -&gt; E:\S2AM\Proyecto 1\SecureCode\P1SecureCode\Documentacion_ComponenteAccesoDatos\Help\Working\Output\HtmlHelp1\icons\protextension.gif
C:\Program Files (x86)\EWSoftware\Sandcastle Help File Builder\PresentationStyles\VS2013\icons\protfield.gif -&gt; E:\S2AM\Proyecto 1\SecureCode\P1SecureCode\Documentacion_ComponenteAccesoDatos\Help\Working\Output\HtmlHelp1\icons\protfield.gif
C:\Program Files (x86)\EWSoftware\Sandcastle Help File Builder\PresentationStyles\VS2013\icons\protinterface.gif -&gt; E:\S2AM\Proyecto 1\SecureCode\P1SecureCode\Documentacion_ComponenteAccesoDatos\Help\Working\Output\HtmlHelp1\icons\protinterface.gif
C:\Program Files (x86)\EWSoftware\Sandcastle Help File Builder\PresentationStyles\VS2013\icons\protmethod.gif -&gt; E:\S2AM\Proyecto 1\SecureCode\P1SecureCode\Documentacion_ComponenteAccesoDatos\Help\Working\Output\HtmlHelp1\icons\protmethod.gif
C:\Program Files (x86)\EWSoftware\Sandcastle Help File Builder\PresentationStyles\VS2013\icons\protoperator.gif -&gt; E:\S2AM\Proyecto 1\SecureCode\P1SecureCode\Documentacion_ComponenteAccesoDatos\Help\Working\Output\HtmlHelp1\icons\protoperator.gif
C:\Program Files (x86)\EWSoftware\Sandcastle Help File Builder\PresentationStyles\VS2013\icons\protproperty.gif -&gt; E:\S2AM\Proyecto 1\SecureCode\P1SecureCode\Documentacion_ComponenteAccesoDatos\Help\Working\Output\HtmlHelp1\icons\protproperty.gif
C:\Program Files (x86)\EWSoftware\Sandcastle Help File Builder\PresentationStyles\VS2013\icons\protstructure.gif -&gt; E:\S2AM\Proyecto 1\SecureCode\P1SecureCode\Documentacion_ComponenteAccesoDatos\Help\Working\Output\HtmlHelp1\icons\protstructure.gif
C:\Program Files (x86)\EWSoftware\Sandcastle Help File Builder\PresentationStyles\VS2013\icons\pubclass.gif -&gt; E:\S2AM\Proyecto 1\SecureCode\P1SecureCode\Documentacion_ComponenteAccesoDatos\Help\Working\Output\HtmlHelp1\icons\pubclass.gif
C:\Program Files (x86)\EWSoftware\Sandcastle Help File Builder\PresentationStyles\VS2013\icons\pubdelegate.gif -&gt; E:\S2AM\Proyecto 1\SecureCode\P1SecureCode\Documentacion_ComponenteAccesoDatos\Help\Working\Output\HtmlHelp1\icons\pubdelegate.gif
C:\Program Files (x86)\EWSoftware\Sandcastle Help File Builder\PresentationStyles\VS2013\icons\pubenumeration.gif -&gt; E:\S2AM\Proyecto 1\SecureCode\P1SecureCode\Documentacion_ComponenteAccesoDatos\Help\Working\Output\HtmlHelp1\icons\pubenumeration.gif
C:\Program Files (x86)\EWSoftware\Sandcastle Help File Builder\PresentationStyles\VS2013\icons\pubevent.gif -&gt; E:\S2AM\Proyecto 1\SecureCode\P1SecureCode\Documentacion_ComponenteAccesoDatos\Help\Working\Output\HtmlHelp1\icons\pubevent.gif
C:\Program Files (x86)\EWSoftware\Sandcastle Help File Builder\PresentationStyles\VS2013\icons\pubextension.gif -&gt; E:\S2AM\Proyecto 1\SecureCode\P1SecureCode\Documentacion_ComponenteAccesoDatos\Help\Working\Output\HtmlHelp1\icons\pubextension.gif
C:\Program Files (x86)\EWSoftware\Sandcastle Help File Builder\PresentationStyles\VS2013\icons\pubfield.gif -&gt; E:\S2AM\Proyecto 1\SecureCode\P1SecureCode\Documentacion_ComponenteAccesoDatos\Help\Working\Output\HtmlHelp1\icons\pubfield.gif
C:\Program Files (x86)\EWSoftware\Sandcastle Help File Builder\PresentationStyles\VS2013\icons\pubinterface.gif -&gt; E:\S2AM\Proyecto 1\SecureCode\P1SecureCode\Documentacion_ComponenteAccesoDatos\Help\Working\Output\HtmlHelp1\icons\pubinterface.gif
C:\Program Files (x86)\EWSoftware\Sandcastle Help File Builder\PresentationStyles\VS2013\icons\pubmethod.gif -&gt; E:\S2AM\Proyecto 1\SecureCode\P1SecureCode\Documentacion_ComponenteAccesoDatos\Help\Working\Output\HtmlHelp1\icons\pubmethod.gif
C:\Program Files (x86)\EWSoftware\Sandcastle Help File Builder\PresentationStyles\VS2013\icons\puboperator.gif -&gt; E:\S2AM\Proyecto 1\SecureCode\P1SecureCode\Documentacion_ComponenteAccesoDatos\Help\Working\Output\HtmlHelp1\icons\puboperator.gif
C:\Program Files (x86)\EWSoftware\Sandcastle Help File Builder\PresentationStyles\VS2013\icons\pubproperty.gif -&gt; E:\S2AM\Proyecto 1\SecureCode\P1SecureCode\Documentacion_ComponenteAccesoDatos\Help\Working\Output\HtmlHelp1\icons\pubproperty.gif
C:\Program Files (x86)\EWSoftware\Sandcastle Help File Builder\PresentationStyles\VS2013\icons\pubstructure.gif -&gt; E:\S2AM\Proyecto 1\SecureCode\P1SecureCode\Documentacion_ComponenteAccesoDatos\Help\Working\Output\HtmlHelp1\icons\pubstructure.gif
C:\Program Files (x86)\EWSoftware\Sandcastle Help File Builder\PresentationStyles\VS2013\icons\SectionCollapsed.png -&gt; E:\S2AM\Proyecto 1\SecureCode\P1SecureCode\Documentacion_ComponenteAccesoDatos\Help\Working\Output\HtmlHelp1\icons\SectionCollapsed.png
C:\Program Files (x86)\EWSoftware\Sandcastle Help File Builder\PresentationStyles\VS2013\icons\SectionExpanded.png -&gt; E:\S2AM\Proyecto 1\SecureCode\P1SecureCode\Documentacion_ComponenteAccesoDatos\Help\Working\Output\HtmlHelp1\icons\SectionExpanded.png
C:\Program Files (x86)\EWSoftware\Sandcastle Help File Builder\PresentationStyles\VS2013\icons\slMobile.gif -&gt; E:\S2AM\Proyecto 1\SecureCode\P1SecureCode\Documentacion_ComponenteAccesoDatos\Help\Working\Output\HtmlHelp1\icons\slMobile.gif
C:\Program Files (x86)\EWSoftware\Sandcastle Help File Builder\PresentationStyles\VS2013\icons\static.gif -&gt; E:\S2AM\Proyecto 1\SecureCode\P1SecureCode\Documentacion_ComponenteAccesoDatos\Help\Working\Output\HtmlHelp1\icons\static.gif
C:\Program Files (x86)\EWSoftware\Sandcastle Help File Builder\PresentationStyles\VS2013\icons\xna.gif -&gt; E:\S2AM\Proyecto 1\SecureCode\P1SecureCode\Documentacion_ComponenteAccesoDatos\Help\Working\Output\HtmlHelp1\icons\xna.gif
C:\Program Files (x86)\EWSoftware\Sandcastle Help File Builder\PresentationStyles\VS2013\scripts\branding.js -&gt; E:\S2AM\Proyecto 1\SecureCode\P1SecureCode\Documentacion_ComponenteAccesoDatos\Help\Working\Output\HtmlHelp1\scripts\branding.js
C:\Program Files (x86)\EWSoftware\Sandcastle Help File Builder\PresentationStyles\VS2013\styles\branding-cs-CZ.css -&gt; E:\S2AM\Proyecto 1\SecureCode\P1SecureCode\Documentacion_ComponenteAccesoDatos\Help\Working\Output\HtmlHelp1\styles\branding-cs-CZ.css
C:\Program Files (x86)\EWSoftware\Sandcastle Help File Builder\PresentationStyles\VS2013\styles\branding-de-DE.css -&gt; E:\S2AM\Proyecto 1\SecureCode\P1SecureCode\Documentacion_ComponenteAccesoDatos\Help\Working\Output\HtmlHelp1\styles\branding-de-DE.css
C:\Program Files (x86)\EWSoftware\Sandcastle Help File Builder\PresentationStyles\VS2013\styles\branding-en-US.css -&gt; E:\S2AM\Proyecto 1\SecureCode\P1SecureCode\Documentacion_ComponenteAccesoDatos\Help\Working\Output\HtmlHelp1\styles\branding-en-US.css
C:\Program Files (x86)\EWSoftware\Sandcastle Help File Builder\PresentationStyles\VS2013\styles\branding-es-ES.css -&gt; E:\S2AM\Proyecto 1\SecureCode\P1SecureCode\Documentacion_ComponenteAccesoDatos\Help\Working\Output\HtmlHelp1\styles\branding-es-ES.css
C:\Program Files (x86)\EWSoftware\Sandcastle Help File Builder\PresentationStyles\VS2013\styles\branding-fr-FR.css -&gt; E:\S2AM\Proyecto 1\SecureCode\P1SecureCode\Documentacion_ComponenteAccesoDatos\Help\Working\Output\HtmlHelp1\styles\branding-fr-FR.css
C:\Program Files (x86)\EWSoftware\Sandcastle Help File Builder\PresentationStyles\VS2013\styles\branding-Help1.css -&gt; E:\S2AM\Proyecto 1\SecureCode\P1SecureCode\Documentacion_ComponenteAccesoDatos\Help\Working\Output\HtmlHelp1\styles\branding-Help1.css
C:\Program Files (x86)\EWSoftware\Sandcastle Help File Builder\PresentationStyles\VS2013\styles\branding-HelpViewer.css -&gt; E:\S2AM\Proyecto 1\SecureCode\P1SecureCode\Documentacion_ComponenteAccesoDatos\Help\Working\Output\HtmlHelp1\styles\branding-HelpViewer.css
C:\Program Files (x86)\EWSoftware\Sandcastle Help File Builder\PresentationStyles\VS2013\styles\branding-it-IT.css -&gt; E:\S2AM\Proyecto 1\SecureCode\P1SecureCode\Documentacion_ComponenteAccesoDatos\Help\Working\Output\HtmlHelp1\styles\branding-it-IT.css
C:\Program Files (x86)\EWSoftware\Sandcastle Help File Builder\PresentationStyles\VS2013\styles\branding-ja-JP.css -&gt; E:\S2AM\Proyecto 1\SecureCode\P1SecureCode\Documentacion_ComponenteAccesoDatos\Help\Working\Output\HtmlHelp1\styles\branding-ja-JP.css
C:\Program Files (x86)\EWSoftware\Sandcastle Help File Builder\PresentationStyles\VS2013\styles\branding-ko-KR.css -&gt; E:\S2AM\Proyecto 1\SecureCode\P1SecureCode\Documentacion_ComponenteAccesoDatos\Help\Working\Output\HtmlHelp1\styles\branding-ko-KR.css
C:\Program Files (x86)\EWSoftware\Sandcastle Help File Builder\PresentationStyles\VS2013\styles\branding-pl-PL.css -&gt; E:\S2AM\Proyecto 1\SecureCode\P1SecureCode\Documentacion_ComponenteAccesoDatos\Help\Working\Output\HtmlHelp1\styles\branding-pl-PL.css
C:\Program Files (x86)\EWSoftware\Sandcastle Help File Builder\PresentationStyles\VS2013\styles\branding-pt-BR.css -&gt; E:\S2AM\Proyecto 1\SecureCode\P1SecureCode\Documentacion_ComponenteAccesoDatos\Help\Working\Output\HtmlHelp1\styles\branding-pt-BR.css
C:\Program Files (x86)\EWSoftware\Sandcastle Help File Builder\PresentationStyles\VS2013\styles\branding-ru-RU.css -&gt; E:\S2AM\Proyecto 1\SecureCode\P1SecureCode\Documentacion_ComponenteAccesoDatos\Help\Working\Output\HtmlHelp1\styles\branding-ru-RU.css
C:\Program Files (x86)\EWSoftware\Sandcastle Help File Builder\PresentationStyles\VS2013\styles\branding-tr-TR.css -&gt; E:\S2AM\Proyecto 1\SecureCode\P1SecureCode\Documentacion_ComponenteAccesoDatos\Help\Working\Output\HtmlHelp1\styles\branding-tr-TR.css
C:\Program Files (x86)\EWSoftware\Sandcastle Help File Builder\PresentationStyles\VS2013\styles\branding-Website.css -&gt; E:\S2AM\Proyecto 1\SecureCode\P1SecureCode\Documentacion_ComponenteAccesoDatos\Help\Working\Output\HtmlHelp1\styles\branding-Website.css
C:\Program Files (x86)\EWSoftware\Sandcastle Help File Builder\PresentationStyles\VS2013\styles\branding-zh-CN.css -&gt; E:\S2AM\Proyecto 1\SecureCode\P1SecureCode\Documentacion_ComponenteAccesoDatos\Help\Working\Output\HtmlHelp1\styles\branding-zh-CN.css
C:\Program Files (x86)\EWSoftware\Sandcastle Help File Builder\PresentationStyles\VS2013\styles\branding-zh-TW.css -&gt; E:\S2AM\Proyecto 1\SecureCode\P1SecureCode\Documentacion_ComponenteAccesoDatos\Help\Working\Output\HtmlHelp1\styles\branding-zh-TW.css
C:\Program Files (x86)\EWSoftware\Sandcastle Help File Builder\PresentationStyles\VS2013\styles\branding.css -&gt; E:\S2AM\Proyecto 1\SecureCode\P1SecureCode\Documentacion_ComponenteAccesoDatos\Help\Working\Output\HtmlHelp1\styles\branding.css
    Last step completed in 00:00:03,0375
</buildStep>
<buildStep step="GenerateHelpFormatTableOfContents">
Generating HTML Help 1 table of contents file...
    Last step completed in 00:00:00,0000
</buildStep>
<buildStep step="GenerateHelpFileIndex">
Generating HTML Help 1 index file...
    Last step completed in 00:00:00,0000
</buildStep>
<buildStep step="GenerateHelpProject">
Generating HTML Help 1 project file...
    Last step completed in 00:00:00,0163
</buildStep>
<buildStep step="CompilingHelpFile">
Compiling HTML Help 1 file...
[C:\Program Files (x86)\Microsoft Visual Studio\2019\Community\MSBuild\Current\Bin\MSBuild.exe - Build1xHelpFile.proj]
  Microsoft HTML Help Compiler 4.74.8702
  
  
  
  Compiling e:\S2AM\Proyecto 1\SecureCode\P1SecureCode\Documentacion_ComponenteAccesoDatos\Help\Working\Output\HtmlHelp1\Documentacion_ComponenteAccesoDatos.chm
  
  
  
  
  
  Compile time: 0 minutes, 0 seconds
  
  19	Topics
  
  139	Local links
  
  0	Internet links
  
  0	Graphics
  
  
  
  
  
  Created e:\S2AM\Proyecto 1\SecureCode\P1SecureCode\Documentacion_ComponenteAccesoDatos\Help\Working\Output\HtmlHelp1\Documentacion_ComponenteAccesoDatos.chm, 69,783 bytes
  
  Compression decreased file by 135,025 bytes.
  
    Last step completed in 00:00:01,6718
</buildStep>
<buildStep step="CleanIntermediates">
Removing intermediate files...
    Last step completed in 00:00:01,6941
</buildStep>
<buildStep step="Completed">

Build completed successfully at 12/01/2023 17:27:21.  Total time: 00:00:19,0468

</buildStep>
</shfbBuild>
